27.09.2023 03:40:00.571 [main] INFO   r.h.s.SchoolApplication - Starting SchoolApplication using Java 17.0.8.1 on DESKTOP-EDFDEBE with PID 19496 (C:\Users\test0\IdeaProjects\school\build\classes\java\main started by adm001 in C:\Users\test0\IdeaProjects\school)
27.09.2023 03:40:00.583 [main] INFO   r.h.s.SchoolApplication - No active profile set, falling back to 1 default profile: "default"
27.09.2023 03:40:02.558 [main] INFO   o.s.d.r.c.RepositoryConfigurationDelegate - Bootstrapping Spring Data JPA repositories in DEFAULT mode.
27.09.2023 03:40:02.651 [main] INFO   o.s.d.r.c.RepositoryConfigurationDelegate - Finished Spring Data repository scanning in 75 ms. Found 3 JPA repository interfaces.
27.09.2023 03:40:04.017 [main] INFO   o.s.b.w.e.t.TomcatWebServer - Tomcat initialized with port(s): 8080 (http)
27.09.2023 03:40:04.085 [main] INFO   o.a.c.h.Http11NioProtocol - Initializing ProtocolHandler ["http-nio-8080"]
27.09.2023 03:40:04.087 [main] INFO   o.a.c.c.StandardService - Starting service [Tomcat]
27.09.2023 03:40:04.088 [main] INFO   o.a.c.c.StandardEngine - Starting Servlet engine: [Apache Tomcat/9.0.79]
27.09.2023 03:40:04.310 [main] INFO   o.a.c.c.C.[.[.[/] - Initializing Spring embedded WebApplicationContext
27.09.2023 03:40:04.312 [main] INFO   o.s.b.w.s.c.ServletWebServerApplicationContext - Root WebApplicationContext: initialization completed in 3540 ms
27.09.2023 03:40:04.672 [main] INFO   c.z.h.HikariDataSource - HikariPool-1 - Starting...
27.09.2023 03:40:05.228 [main] INFO   c.z.h.HikariDataSource - HikariPool-1 - Start completed.
27.09.2023 03:40:05.499 [main] INFO   liquibase.database - Set default schema name to public
27.09.2023 03:40:05.625 [main] INFO   l.lockservice - Successfully acquired change log lock
27.09.2023 03:40:06.018 [main] INFO   liquibase.changelog - Reading from public.databasechangelog
27.09.2023 03:40:06.077 [main] INFO   l.lockservice - Successfully released change log lock
27.09.2023 03:40:06.515 [main] INFO   o.h.j.i.u.LogHelper - HHH000204: Processing PersistenceUnitInfo [name: default]
27.09.2023 03:40:06.682 [main] INFO   o.hibernate.Version - HHH000412: Hibernate ORM core version 5.6.15.Final
27.09.2023 03:40:07.127 [main] INFO   o.h.a.common.Version - HCANN000001: Hibernate Commons Annotations {5.1.2.Final}
27.09.2023 03:40:07.406 [main] INFO   o.h.dialect.Dialect - HHH000400: Using dialect: org.hibernate.dialect.PostgreSQL10Dialect
27.09.2023 03:40:08.440 [main] INFO   o.h.e.t.j.p.i.JtaPlatformInitiator - HHH000490: Using JtaPlatform implementation: [org.hibernate.engine.transaction.jta.platform.internal.NoJtaPlatform]
27.09.2023 03:40:08.479 [main] INFO   o.s.o.j.LocalContainerEntityManagerFactoryBean - Initialized JPA EntityManagerFactory for persistence unit 'default'
27.09.2023 03:40:09.610 [main] WARN   o.s.b.a.o.j.JpaBaseConfiguration$JpaWebConfiguration - spring.jpa.open-in-view is enabled by default. Therefore, database queries may be performed during view rendering. Explicitly configure spring.jpa.open-in-view to disable this warning
27.09.2023 03:40:11.437 [main] INFO   o.a.c.h.Http11NioProtocol - Starting ProtocolHandler ["http-nio-8080"]
27.09.2023 03:40:11.467 [main] INFO   o.s.b.w.e.t.TomcatWebServer - Tomcat started on port(s): 8080 (http) with context path ''
27.09.2023 03:40:11.481 [main] INFO   r.h.s.SchoolApplication - Started SchoolApplication in 11.707 seconds (JVM running for 12.762)
27.09.2023 03:40:22.797 [http-nio-8080-exec-1] INFO   o.a.c.c.C.[.[.[/] - Initializing Spring DispatcherServlet 'dispatcherServlet'
27.09.2023 03:40:22.797 [http-nio-8080-exec-1] INFO   o.s.w.s.DispatcherServlet - Initializing Servlet 'dispatcherServlet'
27.09.2023 03:40:22.799 [http-nio-8080-exec-1] INFO   o.s.w.s.DispatcherServlet - Completed initialization in 2 ms
27.09.2023 03:40:26.793 [http-nio-8080-exec-3] INFO   o.s.a.AbstractOpenApiResource - Init duration for springdoc-openapi is: 455 ms
